<?xml version="1.0" encoding="UTF-8"?>
<testng-results ignored="0" total="1" passed="1" failed="0" skipped="0">
  <reporter-output>
  </reporter-output>
  <suite started-at="2023-03-26T02:02:17 EDT" name="Default suite" finished-at="2023-03-26T02:02:24 EDT" duration-ms="7013">
    <groups>
    </groups>
    <test started-at="2023-03-26T02:02:17 EDT" name="Default test" finished-at="2023-03-26T02:02:24 EDT" duration-ms="7013">
      <class name="com.Facebook.Dropdown.Menu.CreateTwitteraccount">
        <test-method is-config="true" signature="OpenTwitter()[pri:0, instance:com.Facebook.Dropdown.Menu.CreateTwitteraccount@33065d67]" started-at="2023-03-26T02:02:17 EDT" name="OpenTwitter" finished-at="2023-03-26T02:02:22 EDT" duration-ms="5550" status="PASS">
          <reporter-output>
          </reporter-output>
        </test-method> <!-- OpenTwitter -->
        <test-method signature="ClickOnCreate()[pri:0, instance:com.Facebook.Dropdown.Menu.CreateTwitteraccount@33065d67]" started-at="2023-03-26T02:02:22 EDT" name="ClickOnCreate" finished-at="2023-03-26T02:02:24 EDT" duration-ms="1391" status="PASS">
          <reporter-output>
          </reporter-output>
        </test-method> <!-- ClickOnCreate -->
      </class> <!-- com.Facebook.Dropdown.Menu.CreateTwitteraccount -->
    </test> <!-- Default test -->
  </suite> <!-- Default suite -->
</testng-results>
